[
  {
    "level": "INFO",
    "message": "android.ndkVersion from module build.gradle is not set"
  },
  {
    "level": "INFO",
    "message": "ndk.dir in local.properties is /home/hugo/Ndk/r16b"
  },
  {
    "level": "INFO",
    "message": "ANDROID_NDK_HOME environment variable is not set"
  },
  {
    "level": "INFO",
    "message": "sdkFolder is /home/hugo/Android/Sdk"
  },
  {
    "level": "INFO",
    "message": "NDK side-by-side folder from sdkFolder /home/hugo/Android/Sdk/ndk does not exist"
  },
  {
    "level": "INFO",
    "message": "Considering /home/hugo/Ndk/r16b by ndk.dir"
  },
  {
    "level": "INFO",
    "message": "Considering /home/hugo/Android/Sdk/ndk-bundle in SDK ndk-bundle folder"
  },
  {
    "level": "INFO",
    "message": "Found requested ndk.dir (/home/hugo/Ndk/r16b) which has version 16.1.4479499"
  }
]